<?xml version="1.0" encoding="utf-8"?><testsuites name="pytest tests"><testsuite name="pytest" errors="0" failures="1" skipped="2" tests="29" time="9.292" timestamp="2026-01-14T22:23:54.293405+00:00" hostname="agent-env-1ec4b5de-9c22-43c9-933c-4306fbb6facf"><testcase classname="tests.test_admin_users_management.TestAdminUsersManagement" name="test_get_users_default_pagination" time="0.377" /><testcase classname="tests.test_admin_users_management.TestAdminUsersManagement" name="test_get_users_custom_pagination" time="0.305" /><testcase classname="tests.test_admin_users_management.TestAdminUsersManagement" name="test_get_users_page_navigation" time="0.303" /><testcase classname="tests.test_admin_users_management.TestAdminUsersManagement" name="test_get_users_default_sort" time="0.343"><failure message="AssertionError: Users should be sorted by created_at descending&#10;assert '2026-01-09T15:41:32.616000' &gt;= '2026-01-11T02:11:03.998380+00:00'">tests/test_admin_users_management.py:95: in test_get_users_default_sort
    assert users[i]["created_at"] &gt;= users[i+1]["created_at"], \
E   AssertionError: Users should be sorted by created_at descending
E   assert '2026-01-09T15:41:32.616000' &gt;= '2026-01-11T02:11:03.998380+00:00'</failure></testcase><testcase classname="tests.test_admin_users_management.TestAdminUsersManagement" name="test_get_users_sort_by_username_asc" time="0.305" /><testcase classname="tests.test_admin_users_management.TestAdminUsersManagement" name="test_get_users_sort_by_email" time="0.342" /><testcase classname="tests.test_admin_users_management.TestAdminUsersManagement" name="test_get_users_sort_by_plan" time="0.302" /><testcase classname="tests.test_admin_users_management.TestAdminUsersManagement" name="test_get_users_filter_today" time="0.339" /><testcase classname="tests.test_admin_users_management.TestAdminUsersManagement" name="test_get_users_filter_week" time="0.299" /><testcase classname="tests.test_admin_users_management.TestAdminUsersManagement" name="test_get_users_filter_month" time="0.338" /><testcase classname="tests.test_admin_users_management.TestAdminUsersManagement" name="test_get_users_custom_date_range" time="0.296" /><testcase classname="tests.test_admin_users_management.TestAdminUsersManagement" name="test_get_users_search" time="0.307" /><testcase classname="tests.test_admin_users_management.TestAdminUsersManagement" name="test_get_users_plan_filter" time="0.300" /><testcase classname="tests.test_admin_users_management.TestAdminUsersManagement" name="test_get_users_status_filter_active" time="0.298" /><testcase classname="tests.test_admin_users_management.TestAdminUsersManagement" name="test_get_users_status_filter_blocked" time="0.298" /><testcase classname="tests.test_admin_users_management.TestAdminUsersManagement" name="test_get_users_combined_filters" time="0.328" /><testcase classname="tests.test_admin_users_management.TestAdminUsersManagement" name="test_user_response_structure" time="0.297" /><testcase classname="tests.test_admin_users_management.TestAdminUsersManagement" name="test_impersonate_user_success" time="0.303"><skipped type="pytest.skip" message="No non-admin user available for impersonation test">/app/tests/test_admin_users_management.py:292: No non-admin user available for impersonation test</skipped></testcase><testcase classname="tests.test_admin_users_management.TestAdminUsersManagement" name="test_impersonate_nonexistent_user" time="0.307" /><testcase classname="tests.test_admin_users_management.TestAdminUsersManagement" name="test_impersonate_admin_forbidden" time="0.304" /><testcase classname="tests.test_admin_users_management.TestAdminUsersManagement" name="test_impersonate_creates_audit_log" time="0.340"><skipped type="pytest.skip" message="No non-admin user available">/app/tests/test_admin_users_management.py:353: No non-admin user available</skipped></testcase><testcase classname="tests.test_admin_users_management.TestAdminUsersManagement" name="test_bulk_delete_empty_list" time="0.339" /><testcase classname="tests.test_admin_users_management.TestAdminUsersManagement" name="test_bulk_delete_nonexistent_users" time="0.299" /><testcase classname="tests.test_admin_users_management.TestAdminUsersManagement" name="test_bulk_delete_admin_skipped" time="0.370" /><testcase classname="tests.test_admin_users_management.TestAdminUsersManagement" name="test_bulk_delete_response_structure" time="0.295" /><testcase classname="tests.test_admin_users_management.TestAdminUsersManagement" name="test_unauthorized_access" time="0.300" /><testcase classname="tests.test_admin_users_management.TestAdminUsersManagement" name="test_non_admin_access_forbidden" time="0.291" /><testcase classname="tests.test_admin_users_management.TestAdminUsersManagementIntegration" name="test_full_pagination_workflow" time="0.338" /><testcase classname="tests.test_admin_users_management.TestAdminUsersManagementIntegration" name="test_filter_and_sort_workflow" time="0.298" /></testsuite></testsuites>