<?xml version="1.0" encoding="utf-8"?><testsuites name="pytest tests"><testsuite name="pytest" errors="0" failures="0" skipped="0" tests="11" time="0.740" timestamp="2026-01-04T20:50:40.769075+00:00" hostname="agent-env-3746e87c-412f-403b-a3cd-e079d3390998"><testcase classname="tests.test_labels_feature.TestBoardLabels" name="test_get_board_with_labels" time="0.339" /><testcase classname="tests.test_labels_feature.TestBoardLabels" name="test_create_new_label" time="0.050" /><testcase classname="tests.test_labels_feature.TestBoardLabels" name="test_edit_label" time="0.038" /><testcase classname="tests.test_labels_feature.TestBoardLabels" name="test_delete_label" time="0.037" /><testcase classname="tests.test_labels_feature.TestCardLabelAssignment" name="test_get_card_with_labels" time="0.011" /><testcase classname="tests.test_labels_feature.TestCardLabelAssignment" name="test_assign_label_to_card" time="0.038" /><testcase classname="tests.test_labels_feature.TestCardLabelAssignment" name="test_unassign_label_from_card" time="0.045" /><testcase classname="tests.test_labels_feature.TestLabelPersistence" name="test_labels_persist_after_board_update" time="0.034" /><testcase classname="tests.test_labels_feature.TestLabelPersistence" name="test_card_labels_persist_after_card_update" time="0.032" /><testcase classname="tests.test_labels_feature.TestLabelReusability" name="test_same_label_on_multiple_cards" time="0.033" /><testcase classname="tests.test_labels_feature.TestCleanup" name="test_cleanup_test_labels" time="0.012" /></testsuite></testsuites>