<?xml version="1.0" encoding="utf-8"?><testsuites name="pytest tests"><testsuite name="pytest" errors="21" failures="1" skipped="0" tests="22" time="2.388" timestamp="2026-01-19T05:14:41.299057+00:00" hostname="agent-env-ca476527-12dd-4178-a094-395d81192c8e"><testcase classname="tests.test_finanzas_module.TestFinanzasAuth" name="test_login_success" time="0.297"><failure message="AssertionError: assert 'token' in {'access_token': 'eyJhbGciOiJIUzI1NiIsInR5cCI6IkpXVCJ9.eyJzdWIiOiJzcGVuY2VyMzAwOSIsImV4cCI6MTc2ODg4NjA4MX0.nzIMih6_rXlGQIdYxrf8DoT6euix1OVHaniWij5Yy9k', 'token_type': 'bearer', 'user': {'full_name': 'Spencer', 'username': 'spencer3009'}}">tests/test_finanzas_module.py:49: in test_login_success
    assert "token" in data
E   AssertionError: assert 'token' in {'access_token': 'eyJhbGciOiJIUzI1NiIsInR5cCI6IkpXVCJ9.eyJzdWIiOiJzcGVuY2VyMzAwOSIsImV4cCI6MTc2ODg4NjA4MX0.nzIMih6_rXlGQIdYxrf8DoT6euix1OVHaniWij5Yy9k', 'token_type': 'bearer', 'user': {'full_name': 'Spencer', 'username': 'spencer3009'}}</failure></testcase><testcase classname="tests.test_finanzas_module.TestFinanzasSummary" name="test_get_summary_current_month" time="0.259"><error message="failed on setup with &quot;KeyError: 'token'&quot;">tests/test_finanzas_module.py:63: in auth_headers
    token = response.json()["token"]
            ^^^^^^^^^^^^^^^^^^^^^^^^
E   KeyError: 'token'</error></testcase><testcase classname="tests.test_finanzas_module.TestFinanzasSummary" name="test_get_summary_specific_period" time="0.000"><error message="failed on setup with &quot;KeyError: 'token'&quot;">tests/test_finanzas_module.py:63: in auth_headers
    token = response.json()["token"]
            ^^^^^^^^^^^^^^^^^^^^^^^^
E   KeyError: 'token'</error></testcase><testcase classname="tests.test_finanzas_module.TestFinanzasCategories" name="test_get_expense_categories" time="0.261"><error message="failed on setup with &quot;KeyError: 'token'&quot;">tests/test_finanzas_module.py:108: in auth_headers
    token = response.json()["token"]
            ^^^^^^^^^^^^^^^^^^^^^^^^
E   KeyError: 'token'</error></testcase><testcase classname="tests.test_finanzas_module.TestFinanzasCategories" name="test_get_income_sources" time="0.000"><error message="failed on setup with &quot;KeyError: 'token'&quot;">tests/test_finanzas_module.py:108: in auth_headers
    token = response.json()["token"]
            ^^^^^^^^^^^^^^^^^^^^^^^^
E   KeyError: 'token'</error></testcase><testcase classname="tests.test_finanzas_module.TestFinanzasIncomes" name="test_get_incomes_list" time="0.261"><error message="failed on setup with &quot;KeyError: 'token'&quot;">tests/test_finanzas_module.py:157: in auth_headers
    token = response.json()["token"]
            ^^^^^^^^^^^^^^^^^^^^^^^^
E   KeyError: 'token'</error></testcase><testcase classname="tests.test_finanzas_module.TestFinanzasIncomes" name="test_create_income" time="0.000"><error message="failed on setup with &quot;KeyError: 'token'&quot;">tests/test_finanzas_module.py:157: in auth_headers
    token = response.json()["token"]
            ^^^^^^^^^^^^^^^^^^^^^^^^
E   KeyError: 'token'</error></testcase><testcase classname="tests.test_finanzas_module.TestFinanzasIncomes" name="test_get_income_by_id" time="0.000"><error message="failed on setup with &quot;KeyError: 'token'&quot;">tests/test_finanzas_module.py:157: in auth_headers
    token = response.json()["token"]
            ^^^^^^^^^^^^^^^^^^^^^^^^
E   KeyError: 'token'</error></testcase><testcase classname="tests.test_finanzas_module.TestFinanzasIncomes" name="test_update_income_status" time="0.000"><error message="failed on setup with &quot;KeyError: 'token'&quot;">tests/test_finanzas_module.py:157: in auth_headers
    token = response.json()["token"]
            ^^^^^^^^^^^^^^^^^^^^^^^^
E   KeyError: 'token'</error></testcase><testcase classname="tests.test_finanzas_module.TestFinanzasIncomes" name="test_delete_income" time="0.000"><error message="failed on setup with &quot;KeyError: 'token'&quot;">tests/test_finanzas_module.py:157: in auth_headers
    token = response.json()["token"]
            ^^^^^^^^^^^^^^^^^^^^^^^^
E   KeyError: 'token'</error></testcase><testcase classname="tests.test_finanzas_module.TestFinanzasExpenses" name="test_get_expenses_list" time="0.261"><error message="failed on setup with &quot;KeyError: 'token'&quot;">tests/test_finanzas_module.py:242: in auth_headers
    token = response.json()["token"]
            ^^^^^^^^^^^^^^^^^^^^^^^^
E   KeyError: 'token'</error></testcase><testcase classname="tests.test_finanzas_module.TestFinanzasExpenses" name="test_create_expense" time="0.000"><error message="failed on setup with &quot;KeyError: 'token'&quot;">tests/test_finanzas_module.py:242: in auth_headers
    token = response.json()["token"]
            ^^^^^^^^^^^^^^^^^^^^^^^^
E   KeyError: 'token'</error></testcase><testcase classname="tests.test_finanzas_module.TestFinanzasExpenses" name="test_update_expense_status" time="0.000"><error message="failed on setup with &quot;KeyError: 'token'&quot;">tests/test_finanzas_module.py:242: in auth_headers
    token = response.json()["token"]
            ^^^^^^^^^^^^^^^^^^^^^^^^
E   KeyError: 'token'</error></testcase><testcase classname="tests.test_finanzas_module.TestFinanzasExpenses" name="test_duplicate_expense" time="0.000"><error message="failed on setup with &quot;KeyError: 'token'&quot;">tests/test_finanzas_module.py:242: in auth_headers
    token = response.json()["token"]
            ^^^^^^^^^^^^^^^^^^^^^^^^
E   KeyError: 'token'</error></testcase><testcase classname="tests.test_finanzas_module.TestFinanzasExpenses" name="test_delete_expenses" time="0.000"><error message="failed on setup with &quot;KeyError: 'token'&quot;">tests/test_finanzas_module.py:242: in auth_headers
    token = response.json()["token"]
            ^^^^^^^^^^^^^^^^^^^^^^^^
E   KeyError: 'token'</error></testcase><testcase classname="tests.test_finanzas_module.TestFinanzasInvestments" name="test_get_investments_list" time="0.259"><error message="failed on setup with &quot;KeyError: 'token'&quot;">tests/test_finanzas_module.py:334: in auth_headers
    token = response.json()["token"]
            ^^^^^^^^^^^^^^^^^^^^^^^^
E   KeyError: 'token'</error></testcase><testcase classname="tests.test_finanzas_module.TestFinanzasInvestments" name="test_create_investment" time="0.000"><error message="failed on setup with &quot;KeyError: 'token'&quot;">tests/test_finanzas_module.py:334: in auth_headers
    token = response.json()["token"]
            ^^^^^^^^^^^^^^^^^^^^^^^^
E   KeyError: 'token'</error></testcase><testcase classname="tests.test_finanzas_module.TestFinanzasInvestments" name="test_update_investment" time="0.000"><error message="failed on setup with &quot;KeyError: 'token'&quot;">tests/test_finanzas_module.py:334: in auth_headers
    token = response.json()["token"]
            ^^^^^^^^^^^^^^^^^^^^^^^^
E   KeyError: 'token'</error></testcase><testcase classname="tests.test_finanzas_module.TestFinanzasInvestments" name="test_delete_investment" time="0.000"><error message="failed on setup with &quot;KeyError: 'token'&quot;">tests/test_finanzas_module.py:334: in auth_headers
    token = response.json()["token"]
            ^^^^^^^^^^^^^^^^^^^^^^^^
E   KeyError: 'token'</error></testcase><testcase classname="tests.test_finanzas_module.TestFinanzasReceivablesPayables" name="test_get_receivables" time="0.259"><error message="failed on setup with &quot;KeyError: 'token'&quot;">tests/test_finanzas_module.py:406: in auth_headers
    token = response.json()["token"]
            ^^^^^^^^^^^^^^^^^^^^^^^^
E   KeyError: 'token'</error></testcase><testcase classname="tests.test_finanzas_module.TestFinanzasReceivablesPayables" name="test_get_payables" time="0.000"><error message="failed on setup with &quot;KeyError: 'token'&quot;">tests/test_finanzas_module.py:406: in auth_headers
    token = response.json()["token"]
            ^^^^^^^^^^^^^^^^^^^^^^^^
E   KeyError: 'token'</error></testcase><testcase classname="tests.test_finanzas_module.TestFinanzasProjectSummary" name="test_get_summary_by_project" time="0.259"><error message="failed on setup with &quot;KeyError: 'token'&quot;">tests/test_finanzas_module.py:446: in auth_headers
    token = response.json()["token"]
            ^^^^^^^^^^^^^^^^^^^^^^^^
E   KeyError: 'token'</error></testcase></testsuite></testsuites>