<?xml version="1.0" encoding="utf-8"?><testsuites name="pytest tests"><testsuite name="pytest" errors="0" failures="0" skipped="0" tests="12" time="1.350" timestamp="2026-01-21T03:48:20.454869+00:00" hostname="agent-env-e239d1e0-6c02-421d-a60c-53636ddfd58d"><testcase classname="tests.test_igv_determination.TestExpenseIGVToggle" name="test_create_expense_with_igv_enabled" time="0.455" /><testcase classname="tests.test_igv_determination.TestExpenseIGVToggle" name="test_create_expense_without_igv" time="0.085" /><testcase classname="tests.test_igv_determination.TestExpenseIGVToggle" name="test_expense_default_includes_igv_false" time="0.073" /><testcase classname="tests.test_igv_determination.TestIGVDetermination" name="test_get_expenses_with_igv_fields" time="0.036" /><testcase classname="tests.test_igv_determination.TestIGVDetermination" name="test_summary_endpoint_exists" time="0.037" /><testcase classname="tests.test_igv_determination.TestIGVDetermination" name="test_incomes_for_igv_calculation" time="0.040" /><testcase classname="tests.test_igv_determination.TestIGVCalculationLogic" name="test_igv_calculation_formula" time="0.139" /><testcase classname="tests.test_igv_determination.TestIGVCalculationLogic" name="test_igv_a_favor_scenario" time="0.147" /><testcase classname="tests.test_igv_determination.TestFilterModes" name="test_expenses_filter_by_date" time="0.042" /><testcase classname="tests.test_igv_determination.TestFilterModes" name="test_incomes_filter_by_date" time="0.034" /><testcase classname="tests.test_igv_determination.TestCleanup" name="test_cleanup_test_expenses" time="0.148" /><testcase classname="tests.test_igv_determination.TestCleanup" name="test_cleanup_test_incomes" time="0.046" /></testsuite></testsuites>