<?xml version="1.0" encoding="utf-8"?><testsuites name="pytest tests"><testsuite name="pytest" errors="0" failures="0" skipped="0" tests="14" time="4.601" timestamp="2026-01-21T03:20:42.024469+00:00" hostname="agent-env-e239d1e0-6c02-421d-a60c-53636ddfd58d"><testcase classname="tests.test_products_module.TestProductsModule" name="test_01_products_endpoint_exists" time="0.356" /><testcase classname="tests.test_products_module.TestProductsModule" name="test_02_create_product" time="0.310" /><testcase classname="tests.test_products_module.TestProductsModule" name="test_03_create_service" time="0.344" /><testcase classname="tests.test_products_module.TestProductsModule" name="test_04_list_products" time="0.291" /><testcase classname="tests.test_products_module.TestProductsModule" name="test_05_get_single_product" time="0.305" /><testcase classname="tests.test_products_module.TestProductsModule" name="test_06_update_product" time="0.348" /><testcase classname="tests.test_products_module.TestProductsModule" name="test_07_delete_product" time="0.305" /><testcase classname="tests.test_products_module.TestProductsModule" name="test_08_filter_by_type" time="0.293" /><testcase classname="tests.test_products_module.TestProductsModule" name="test_09_filter_by_status" time="0.356" /><testcase classname="tests.test_products_module.TestProductsModule" name="test_10_toggle_status" time="0.328" /><testcase classname="tests.test_products_module.TestProductsModule" name="test_11_verify_seed_products" time="0.288" /><testcase classname="tests.test_products_module.TestProductsModule" name="test_12_only_active_products_for_income" time="0.321" /><testcase classname="tests.test_products_module.TestProductsModule" name="test_13_validation_required_fields" time="0.376" /><testcase classname="tests.test_products_module.TestProductsModule" name="test_14_validation_positive_price" time="0.299" /></testsuite></testsuites>