<?xml version="1.0" encoding="utf-8"?><testsuites name="pytest tests"><testsuite name="pytest" errors="5" failures="3" skipped="0" tests="10" time="1.768" timestamp="2026-01-21T02:57:21.180897+00:00" hostname="agent-env-e239d1e0-6c02-421d-a60c-53636ddfd58d"><testcase classname="tests.test_partial_payments.TestPartialPaymentsAuth" name="test_login_success" time="0.308" /><testcase classname="tests.test_partial_payments.TestReceivablesEndpoint" name="test_get_receivables_structure" time="0.361"><failure message="AssertionError: Failed: {&quot;detail&quot;:[{&quot;type&quot;:&quot;missing&quot;,&quot;loc&quot;:[&quot;query&quot;,&quot;company_id&quot;],&quot;msg&quot;:&quot;Field required&quot;,&quot;input&quot;:null,&quot;url&quot;:&quot;https://errors.pydantic.dev/2.12/v/missing&quot;}]}&#10;assert 422 == 200&#10; +  where 422 = &lt;Response [422]&gt;.status_code">tests/test_partial_payments.py:61: in test_get_receivables_structure
    assert response.status_code == 200, f"Failed: {response.text}"
E   AssertionError: Failed: {"detail":[{"type":"missing","loc":["query","company_id"],"msg":"Field required","input":null,"url":"https://errors.pydantic.dev/2.12/v/missing"}]}
E   assert 422 == 200
E    +  where 422 = &lt;Response [422]&gt;.status_code</failure></testcase><testcase classname="tests.test_partial_payments.TestPartialPaymentsCRUD" name="test_create_partial_payment" time="0.319"><error message="failed on setup with &quot;AssertionError: Failed to create test income: {&quot;detail&quot;:[{&quot;type&quot;:&quot;missing&quot;,&quot;loc&quot;:[&quot;body&quot;,&quot;company_id&quot;],&quot;msg&quot;:&quot;Field required&quot;,&quot;input&quot;:{&quot;amount&quot;:1500.0,&quot;paid_amount&quot;:0,&quot;source&quot;:&quot;servicios&quot;,&quot;description&quot;:&quot;TEST_Partial_Payment_Income&quot;,&quot;date&quot;:&quot;2026-01-21&quot;,&quot;status&quot;:&quot;pending&quot;,&quot;client_name&quot;:&quot;Test Client Partial&quot;},&quot;url&quot;:&quot;https://errors.pydantic.dev/2.12/v/missing&quot;}]}&#10;assert 422 == 200&#10; +  where 422 = &lt;Response [422]&gt;.status_code&quot;">tests/test_partial_payments.py:111: in test_income
    assert response.status_code == 200, f"Failed to create test income: {response.text}"
E   AssertionError: Failed to create test income: {"detail":[{"type":"missing","loc":["body","company_id"],"msg":"Field required","input":{"amount":1500.0,"paid_amount":0,"source":"servicios","description":"TEST_Partial_Payment_Income","date":"2026-01-21","status":"pending","client_name":"Test Client Partial"},"url":"https://errors.pydantic.dev/2.12/v/missing"}]}
E   assert 422 == 200
E    +  where 422 = &lt;Response [422]&gt;.status_code</error></testcase><testcase classname="tests.test_partial_payments.TestPartialPaymentsCRUD" name="test_get_payment_history" time="0.000"><error message="failed on setup with &quot;AssertionError: Failed to create test income: {&quot;detail&quot;:[{&quot;type&quot;:&quot;missing&quot;,&quot;loc&quot;:[&quot;body&quot;,&quot;company_id&quot;],&quot;msg&quot;:&quot;Field required&quot;,&quot;input&quot;:{&quot;amount&quot;:1500.0,&quot;paid_amount&quot;:0,&quot;source&quot;:&quot;servicios&quot;,&quot;description&quot;:&quot;TEST_Partial_Payment_Income&quot;,&quot;date&quot;:&quot;2026-01-21&quot;,&quot;status&quot;:&quot;pending&quot;,&quot;client_name&quot;:&quot;Test Client Partial&quot;},&quot;url&quot;:&quot;https://errors.pydantic.dev/2.12/v/missing&quot;}]}&#10;assert 422 == 200&#10; +  where 422 = &lt;Response [422]&gt;.status_code&quot;">tests/test_partial_payments.py:111: in test_income
    assert response.status_code == 200, f"Failed to create test income: {response.text}"
E   AssertionError: Failed to create test income: {"detail":[{"type":"missing","loc":["body","company_id"],"msg":"Field required","input":{"amount":1500.0,"paid_amount":0,"source":"servicios","description":"TEST_Partial_Payment_Income","date":"2026-01-21","status":"pending","client_name":"Test Client Partial"},"url":"https://errors.pydantic.dev/2.12/v/missing"}]}
E   assert 422 == 200
E    +  where 422 = &lt;Response [422]&gt;.status_code</error></testcase><testcase classname="tests.test_partial_payments.TestPartialPaymentsCRUD" name="test_payment_validation_exceeds_balance" time="0.000"><error message="failed on setup with &quot;AssertionError: Failed to create test income: {&quot;detail&quot;:[{&quot;type&quot;:&quot;missing&quot;,&quot;loc&quot;:[&quot;body&quot;,&quot;company_id&quot;],&quot;msg&quot;:&quot;Field required&quot;,&quot;input&quot;:{&quot;amount&quot;:1500.0,&quot;paid_amount&quot;:0,&quot;source&quot;:&quot;servicios&quot;,&quot;description&quot;:&quot;TEST_Partial_Payment_Income&quot;,&quot;date&quot;:&quot;2026-01-21&quot;,&quot;status&quot;:&quot;pending&quot;,&quot;client_name&quot;:&quot;Test Client Partial&quot;},&quot;url&quot;:&quot;https://errors.pydantic.dev/2.12/v/missing&quot;}]}&#10;assert 422 == 200&#10; +  where 422 = &lt;Response [422]&gt;.status_code&quot;">tests/test_partial_payments.py:111: in test_income
    assert response.status_code == 200, f"Failed to create test income: {response.text}"
E   AssertionError: Failed to create test income: {"detail":[{"type":"missing","loc":["body","company_id"],"msg":"Field required","input":{"amount":1500.0,"paid_amount":0,"source":"servicios","description":"TEST_Partial_Payment_Income","date":"2026-01-21","status":"pending","client_name":"Test Client Partial"},"url":"https://errors.pydantic.dev/2.12/v/missing"}]}
E   assert 422 == 200
E    +  where 422 = &lt;Response [422]&gt;.status_code</error></testcase><testcase classname="tests.test_partial_payments.TestPartialPaymentsCRUD" name="test_complete_payment_changes_status_to_collected" time="0.000"><error message="failed on setup with &quot;AssertionError: Failed to create test income: {&quot;detail&quot;:[{&quot;type&quot;:&quot;missing&quot;,&quot;loc&quot;:[&quot;body&quot;,&quot;company_id&quot;],&quot;msg&quot;:&quot;Field required&quot;,&quot;input&quot;:{&quot;amount&quot;:1500.0,&quot;paid_amount&quot;:0,&quot;source&quot;:&quot;servicios&quot;,&quot;description&quot;:&quot;TEST_Partial_Payment_Income&quot;,&quot;date&quot;:&quot;2026-01-21&quot;,&quot;status&quot;:&quot;pending&quot;,&quot;client_name&quot;:&quot;Test Client Partial&quot;},&quot;url&quot;:&quot;https://errors.pydantic.dev/2.12/v/missing&quot;}]}&#10;assert 422 == 200&#10; +  where 422 = &lt;Response [422]&gt;.status_code&quot;">tests/test_partial_payments.py:111: in test_income
    assert response.status_code == 200, f"Failed to create test income: {response.text}"
E   AssertionError: Failed to create test income: {"detail":[{"type":"missing","loc":["body","company_id"],"msg":"Field required","input":{"amount":1500.0,"paid_amount":0,"source":"servicios","description":"TEST_Partial_Payment_Income","date":"2026-01-21","status":"pending","client_name":"Test Client Partial"},"url":"https://errors.pydantic.dev/2.12/v/missing"}]}
E   assert 422 == 200
E    +  where 422 = &lt;Response [422]&gt;.status_code</error></testcase><testcase classname="tests.test_partial_payments.TestPartialPaymentsCRUD" name="test_delete_partial_payment" time="0.000"><error message="failed on setup with &quot;AssertionError: Failed to create test income: {&quot;detail&quot;:[{&quot;type&quot;:&quot;missing&quot;,&quot;loc&quot;:[&quot;body&quot;,&quot;company_id&quot;],&quot;msg&quot;:&quot;Field required&quot;,&quot;input&quot;:{&quot;amount&quot;:1500.0,&quot;paid_amount&quot;:0,&quot;source&quot;:&quot;servicios&quot;,&quot;description&quot;:&quot;TEST_Partial_Payment_Income&quot;,&quot;date&quot;:&quot;2026-01-21&quot;,&quot;status&quot;:&quot;pending&quot;,&quot;client_name&quot;:&quot;Test Client Partial&quot;},&quot;url&quot;:&quot;https://errors.pydantic.dev/2.12/v/missing&quot;}]}&#10;assert 422 == 200&#10; +  where 422 = &lt;Response [422]&gt;.status_code&quot;">tests/test_partial_payments.py:111: in test_income
    assert response.status_code == 200, f"Failed to create test income: {response.text}"
E   AssertionError: Failed to create test income: {"detail":[{"type":"missing","loc":["body","company_id"],"msg":"Field required","input":{"amount":1500.0,"paid_amount":0,"source":"servicios","description":"TEST_Partial_Payment_Income","date":"2026-01-21","status":"pending","client_name":"Test Client Partial"},"url":"https://errors.pydantic.dev/2.12/v/missing"}]}
E   assert 422 == 200
E    +  where 422 = &lt;Response [422]&gt;.status_code</error></testcase><testcase classname="tests.test_partial_payments.TestExistingPartialPaymentData" name="test_existing_partial_income" time="0.319" /><testcase classname="tests.test_partial_payments.TestPartialPaymentsIntegration" name="test_receivables_shows_partial_status" time="0.316"><failure message="AssertionError: Failed: {&quot;detail&quot;:[{&quot;type&quot;:&quot;missing&quot;,&quot;loc&quot;:[&quot;query&quot;,&quot;company_id&quot;],&quot;msg&quot;:&quot;Field required&quot;,&quot;input&quot;:null,&quot;url&quot;:&quot;https://errors.pydantic.dev/2.12/v/missing&quot;}]}&#10;assert 422 == 200&#10; +  where 422 = &lt;Response [422]&gt;.status_code">tests/test_partial_payments.py:298: in test_receivables_shows_partial_status
    assert response.status_code == 200, f"Failed: {response.text}"
E   AssertionError: Failed: {"detail":[{"type":"missing","loc":["query","company_id"],"msg":"Field required","input":null,"url":"https://errors.pydantic.dev/2.12/v/missing"}]}
E   assert 422 == 200
E    +  where 422 = &lt;Response [422]&gt;.status_code</failure></testcase><testcase classname="tests.test_partial_payments.TestPartialPaymentsIntegration" name="test_summary_reflects_partial_payments" time="0.032"><failure message="AssertionError: Failed: {&quot;detail&quot;:[{&quot;type&quot;:&quot;missing&quot;,&quot;loc&quot;:[&quot;query&quot;,&quot;company_id&quot;],&quot;msg&quot;:&quot;Field required&quot;,&quot;input&quot;:null,&quot;url&quot;:&quot;https://errors.pydantic.dev/2.12/v/missing&quot;}]}&#10;assert 422 == 200&#10; +  where 422 = &lt;Response [422]&gt;.status_code">tests/test_partial_payments.py:312: in test_summary_reflects_partial_payments
    assert response.status_code == 200, f"Failed: {response.text}"
E   AssertionError: Failed: {"detail":[{"type":"missing","loc":["query","company_id"],"msg":"Field required","input":null,"url":"https://errors.pydantic.dev/2.12/v/missing"}]}
E   assert 422 == 200
E    +  where 422 = &lt;Response [422]&gt;.status_code</failure></testcase></testsuite></testsuites>