<?xml version="1.0" encoding="utf-8"?><testsuites name="pytest tests"><testsuite name="pytest" errors="0" failures="1" skipped="0" tests="14" time="4.581" timestamp="2026-01-15T05:04:28.697016+00:00" hostname="agent-env-46da7d2f-7454-4103-91b4-42d2bee35a70"><testcase classname="tests.test_project_name_conflict.TestProjectNameConflict" name="test_create_project_success_unique_name" time="0.332" /><testcase classname="tests.test_project_name_conflict.TestProjectNameConflict" name="test_create_project_duplicate_name_returns_409" time="0.359" /><testcase classname="tests.test_project_name_conflict.TestProjectNameConflict" name="test_duplicate_name_response_structure" time="0.382" /><testcase classname="tests.test_project_name_conflict.TestPlanLimitEnforcement" name="test_admin_has_unlimited_plan" time="0.271" /><testcase classname="tests.test_project_name_conflict.TestPlanLimitEnforcement" name="test_unlimited_plan_never_returns_403_for_limit" time="0.683" /><testcase classname="tests.test_project_name_conflict.TestPlanLimitEnforcement" name="test_plan_limits_endpoint_returns_correct_structure" time="0.280" /><testcase classname="tests.test_project_name_conflict.TestNameConflictVsPlanLimit" name="test_409_is_not_403" time="0.285" /><testcase classname="tests.test_project_name_conflict.TestNameConflictVsPlanLimit" name="test_error_messages_are_distinct" time="0.382"><failure message="AssertionError: 409 error should NOT mention 'pro': Ya existe un proyecto con el nombre 'TEST_ErrorMsg_d8d8ebdd'&#10;assert 'pro' not in &quot;ya existe u...sg_d8d8ebdd'&quot;&#10;  &#10;  'pro' is contained here:&#10;    ya existe un proyecto con el nombre 'test_errormsg_d8d8ebdd'&#10;  ?              +++">tests/test_project_name_conflict.py:399: in test_error_messages_are_distinct
    assert keyword not in error_lower, f"409 error should NOT mention '{keyword}': {error_msg_409}"
E   AssertionError: 409 error should NOT mention 'pro': Ya existe un proyecto con el nombre 'TEST_ErrorMsg_d8d8ebdd'
E   assert 'pro' not in "ya existe u...sg_d8d8ebdd'"
E     
E     'pro' is contained here:
E       ya existe un proyecto con el nombre 'test_errormsg_d8d8ebdd'
E     ?              +++</failure></testcase><testcase classname="tests.test_project_name_conflict.TestProjectCRUDBasics" name="test_get_projects_list" time="0.271" /><testcase classname="tests.test_project_name_conflict.TestProjectCRUDBasics" name="test_create_and_get_project" time="0.335" /><testcase classname="tests.test_project_name_conflict.TestProjectCRUDBasics" name="test_update_project" time="0.306" /><testcase classname="tests.test_project_name_conflict.TestProjectCRUDBasics" name="test_delete_project" time="0.410" /><testcase classname="tests.test_project_name_conflict.TestAuthenticationRequired" name="test_create_project_without_auth_fails" time="0.037" /><testcase classname="tests.test_project_name_conflict.TestAuthenticationRequired" name="test_get_projects_without_auth_fails" time="0.037" /></testsuite></testsuites>