<?xml version="1.0" encoding="utf-8"?><testsuites name="pytest tests"><testsuite name="pytest" errors="0" failures="0" skipped="0" tests="10" time="2.133" timestamp="2026-01-04T14:00:37.723262+00:00" hostname="agent-env-3746e87c-412f-403b-a3cd-e079d3390998"><testcase classname="tests.test_card_move_persistence.TestCardMovePersistence" name="test_01_get_board_initial_state" time="0.320" /><testcase classname="tests.test_card_move_persistence.TestCardMovePersistence" name="test_02_move_card_abiertas_to_progreso" time="0.549" /><testcase classname="tests.test_card_move_persistence.TestCardMovePersistence" name="test_03_move_card_progreso_to_listo" time="0.542" /><testcase classname="tests.test_card_move_persistence.TestCardMovePersistence" name="test_04_move_card_same_list_reorder" time="0.529" /><testcase classname="tests.test_card_move_persistence.TestCardMovePersistence" name="test_05_move_card_invalid_source_list" time="0.009" /><testcase classname="tests.test_card_move_persistence.TestCardMovePersistence" name="test_06_move_card_invalid_card_id" time="0.050" /><testcase classname="tests.test_card_move_persistence.TestMoveCardAPIValidation" name="test_missing_source_list_id" time="0.008" /><testcase classname="tests.test_card_move_persistence.TestMoveCardAPIValidation" name="test_missing_destination_list_id" time="0.008" /><testcase classname="tests.test_card_move_persistence.TestMoveCardAPIValidation" name="test_missing_card_id" time="0.049" /><testcase classname="tests.test_card_move_persistence.TestMoveCardAPIValidation" name="test_missing_new_position" time="0.009" /></testsuite></testsuites>