<?xml version="1.0" encoding="utf-8"?><testsuites name="pytest tests"><testsuite name="pytest" errors="0" failures="0" skipped="0" tests="9" time="2.604" timestamp="2026-01-06T20:31:46.733912+00:00" hostname="agent-env-0afbbe0c-3fe9-487c-9570-b73e4351fa16"><testcase classname="tests.test_email_verification.TestEmailVerificationSystem" name="test_01_login_unverified_user" time="0.523" /><testcase classname="tests.test_email_verification.TestEmailVerificationSystem" name="test_02_auth_me_returns_email_verified_status" time="0.307" /><testcase classname="tests.test_email_verification.TestEmailVerificationSystem" name="test_03_verification_status_endpoint" time="0.283" /><testcase classname="tests.test_email_verification.TestEmailVerificationSystem" name="test_04_resend_verification_success" time="0.270" /><testcase classname="tests.test_email_verification.TestEmailVerificationSystem" name="test_05_resend_verification_rate_limit" time="0.283" /><testcase classname="tests.test_email_verification.TestEmailVerificationSystem" name="test_06_update_email_success" time="0.285" /><testcase classname="tests.test_email_verification.TestEmailVerificationSystem" name="test_07_update_email_invalid_format" time="0.315" /><testcase classname="tests.test_email_verification.TestEmailVerificationSystem" name="test_08_resend_verification_nonexistent_email" time="0.284" /><testcase classname="tests.test_email_verification.TestGoogleOAuthVerification" name="test_google_oauth_always_verified" time="0.000" /></testsuite></testsuites>