<?xml version="1.0" encoding="utf-8"?><testsuites name="pytest tests"><testsuite name="pytest" errors="0" failures="0" skipped="0" tests="19" time="2.263" timestamp="2026-01-05T04:30:48.431433+00:00" hostname="agent-env-713bd897-1762-4fc9-be01-5cf318d4ce9c"><testcase classname="tests.test_contact_labels.TestContactLabelsFeature" name="test_01_get_labels_empty" time="0.373" /><testcase classname="tests.test_contact_labels.TestContactLabelsFeature" name="test_02_create_label_client" time="0.044" /><testcase classname="tests.test_contact_labels.TestContactLabelsFeature" name="test_03_create_label_prospect" time="0.044" /><testcase classname="tests.test_contact_labels.TestContactLabelsFeature" name="test_04_create_label_supplier" time="0.042" /><testcase classname="tests.test_contact_labels.TestContactLabelsFeature" name="test_05_create_multiple_labels_same_type" time="0.118" /><testcase classname="tests.test_contact_labels.TestContactLabelsFeature" name="test_06_get_labels_after_creation" time="0.043" /><testcase classname="tests.test_contact_labels.TestContactLabelsFeature" name="test_07_create_duplicate_label_fails" time="0.038" /><testcase classname="tests.test_contact_labels.TestContactLabelsFeature" name="test_08_create_label_empty_name_fails" time="0.042" /><testcase classname="tests.test_contact_labels.TestContactLabelsFeature" name="test_09_update_label" time="0.078" /><testcase classname="tests.test_contact_labels.TestContactLabelsFeature" name="test_10_update_nonexistent_label_fails" time="0.040" /><testcase classname="tests.test_contact_labels.TestContactLabelsFeature" name="test_11_create_contact_with_labels" time="0.077" /><testcase classname="tests.test_contact_labels.TestContactLabelsFeature" name="test_12_get_contact_with_labels" time="0.035" /><testcase classname="tests.test_contact_labels.TestContactLabelsFeature" name="test_13_update_contact_labels" time="0.077" /><testcase classname="tests.test_contact_labels.TestContactLabelsFeature" name="test_14_create_contact_without_labels" time="0.037" /><testcase classname="tests.test_contact_labels.TestContactLabelsFeature" name="test_15_list_contacts_includes_labels" time="0.038" /><testcase classname="tests.test_contact_labels.TestContactLabelsFeature" name="test_16_delete_label_removes_from_contacts" time="0.154" /><testcase classname="tests.test_contact_labels.TestContactLabelsFeature" name="test_17_delete_nonexistent_label" time="0.153" /><testcase classname="tests.test_contact_labels.TestContactLabelsFeature" name="test_18_labels_isolated_by_contact_type" time="0.117" /><testcase classname="tests.test_contact_labels.TestContactLabelsFeature" name="test_19_unauthorized_access_fails" time="0.633" /></testsuite></testsuites>