<?xml version="1.0" encoding="utf-8"?><testsuites name="pytest tests"><testsuite name="pytest" errors="0" failures="0" skipped="0" tests="15" time="1.533" timestamp="2026-01-19T13:47:31.471690+00:00" hostname="agent-env-eead4992-612b-46ea-b2e6-291955f994f7"><testcase classname="tests.test_collaborators.TestCollaboratorsSystem" name="test_get_companies_returns_user_role_and_is_owner" time="0.328" /><testcase classname="tests.test_collaborators.TestCollaboratorsSystem" name="test_owned_company_has_correct_role" time="0.075" /><testcase classname="tests.test_collaborators.TestCollaboratorsSystem" name="test_get_collaborators_includes_owner" time="0.077" /><testcase classname="tests.test_collaborators.TestCollaboratorsSystem" name="test_get_collaborators_response_structure" time="0.041" /><testcase classname="tests.test_collaborators.TestCollaboratorsSystem" name="test_get_collaborators_nonexistent_company" time="0.039" /><testcase classname="tests.test_collaborators.TestCollaboratorsSystem" name="test_invite_collaborator_plan_limit" time="0.036" /><testcase classname="tests.test_collaborators.TestCollaboratorsSystem" name="test_invite_self_fails" time="0.072" /><testcase classname="tests.test_collaborators.TestCollaboratorsSystem" name="test_invite_invalid_role" time="0.038" /><testcase classname="tests.test_collaborators.TestCollaboratorsSystem" name="test_get_pending_invitations" time="0.036" /><testcase classname="tests.test_collaborators.TestCollaboratorsSystem" name="test_pending_invitations_structure" time="0.043" /><testcase classname="tests.test_collaborators.TestCollaboratorsSystem" name="test_owner_can_access_company_data" time="0.120" /><testcase classname="tests.test_collaborators.TestCollaboratorsSystem" name="test_non_owner_cannot_access_other_company" time="0.032" /><testcase classname="tests.test_collaborators.TestCollaboratorsSystem" name="test_unauthenticated_access_denied" time="0.075" /><testcase classname="tests.test_collaborators.TestCollaboratorsSystem" name="test_invite_to_nonexistent_company" time="0.080" /><testcase classname="tests.test_collaborators.TestCollaboratorRoles" name="test_owner_has_all_permissions" time="0.373" /></testsuite></testsuites>