<?xml version="1.0" encoding="utf-8"?><testsuites name="pytest tests"><testsuite name="pytest" errors="0" failures="2" skipped="0" tests="17" time="6.127" timestamp="2026-01-09T23:28:56.761616+00:00" hostname="agent-env-9bc3b4a5-33fb-43bc-9974-d188cbd6447c"><testcase classname="tests.test_sharing_system.TestSharingSystem" name="test_get_workspaces" time="0.320" /><testcase classname="tests.test_sharing_system.TestSharingSystem" name="test_get_board_collaborators" time="0.334" /><testcase classname="tests.test_sharing_system.TestSharingSystem" name="test_get_mindmap_collaborators" time="0.278"><failure message="AttributeError: 'list' object has no attribute 'get'">tests/test_sharing_system.py:111: in test_get_mindmap_collaborators
    projects = projects_response.json().get("projects", [])
               ^^^^^^^^^^^^^^^^^^^^^^^^^^^^
E   AttributeError: 'list' object has no attribute 'get'</failure></testcase><testcase classname="tests.test_sharing_system.TestSharingSystem" name="test_get_collaborators_invalid_resource_type" time="0.285" /><testcase classname="tests.test_sharing_system.TestSharingSystem" name="test_create_invite_for_board" time="0.289" /><testcase classname="tests.test_sharing_system.TestSharingSystem" name="test_create_invite_for_mindmap" time="0.486"><failure message="AttributeError: 'list' object has no attribute 'get'">tests/test_sharing_system.py:187: in test_create_invite_for_mindmap
    projects = projects_response.json().get("projects", [])
               ^^^^^^^^^^^^^^^^^^^^^^^^^^^^
E   AttributeError: 'list' object has no attribute 'get'</failure></testcase><testcase classname="tests.test_sharing_system.TestSharingSystem" name="test_create_invite_invalid_role" time="0.277" /><testcase classname="tests.test_sharing_system.TestSharingSystem" name="test_cancel_invite" time="0.462" /><testcase classname="tests.test_sharing_system.TestSharingSystem" name="test_cancel_nonexistent_invite" time="0.273" /><testcase classname="tests.test_sharing_system.TestSharingSystem" name="test_create_share_link_for_board" time="0.327" /><testcase classname="tests.test_sharing_system.TestSharingSystem" name="test_toggle_share_link" time="0.440" /><testcase classname="tests.test_sharing_system.TestSharingSystem" name="test_access_shared_resource_public" time="0.331" /><testcase classname="tests.test_sharing_system.TestSharingSystem" name="test_access_invalid_share_token" time="0.304" /><testcase classname="tests.test_sharing_system.TestSharingSystem" name="test_get_pending_invites" time="0.321" /><testcase classname="tests.test_sharing_system.TestSharingSystem" name="test_get_shared_with_me" time="0.310" /><testcase classname="tests.test_sharing_system.TestSharingEdgeCases" name="test_cannot_invite_self" time="0.312" /><testcase classname="tests.test_sharing_system.TestSharingEdgeCases" name="test_duplicate_invite_handling" time="0.655" /></testsuite></testsuites>