<?xml version="1.0" encoding="utf-8"?><testsuites name="pytest tests"><testsuite name="pytest" errors="0" failures="1" skipped="7" tests="10" time="0.735" timestamp="2026-01-06T23:14:19.805584+00:00" hostname="agent-env-0afbbe0c-3fe9-487c-9570-b73e4351fa16"><testcase classname="tests.test_verification_reminders.TestVerificationReminderSystem" name="test_admin_login" time="0.077"><failure message="AssertionError: Admin login failed: {&quot;detail&quot;:&quot;Usuario o contraseña incorrectos&quot;}&#10;assert 401 == 200&#10; +  where 401 = &lt;Response [401]&gt;.status_code">tests/test_verification_reminders.py:76: in test_admin_login
    assert response.status_code == 200, f"Admin login failed: {response.text}"
E   AssertionError: Admin login failed: {"detail":"Usuario o contraseña incorrectos"}
E   assert 401 == 200
E    +  where 401 = &lt;Response [401]&gt;.status_code</failure></testcase><testcase classname="tests.test_verification_reminders.TestVerificationReminderSystem" name="test_get_unverified_users_endpoint" time="0.040"><skipped type="pytest.skip" message="Admin login failed: 401 - {&quot;detail&quot;:&quot;Usuario o contraseña incorrectos&quot;}">/app/tests/test_verification_reminders.py:85: Admin login failed: 401 - {"detail":"Usuario o contraseña incorrectos"}</skipped></testcase><testcase classname="tests.test_verification_reminders.TestVerificationReminderSystem" name="test_unverified_users_excludes_google_oauth" time="0.000"><skipped type="pytest.skip" message="Admin login failed: 401 - {&quot;detail&quot;:&quot;Usuario o contraseña incorrectos&quot;}">/app/tests/test_verification_reminders.py:111: Admin login failed: 401 - {"detail":"Usuario o contraseña incorrectos"}</skipped></testcase><testcase classname="tests.test_verification_reminders.TestVerificationReminderSystem" name="test_run_verification_reminders_endpoint" time="0.000"><skipped type="pytest.skip" message="Admin login failed: 401 - {&quot;detail&quot;:&quot;Usuario o contraseña incorrectos&quot;}">/app/tests/test_verification_reminders.py:128: Admin login failed: 401 - {"detail":"Usuario o contraseña incorrectos"}</skipped></testcase><testcase classname="tests.test_verification_reminders.TestVerificationReminderSystem" name="test_admin_endpoints_require_admin_role" time="0.356" /><testcase classname="tests.test_verification_reminders.TestVerificationReminderSystem" name="test_reminder_fields_in_user_response" time="0.000"><skipped type="pytest.skip" message="Admin login failed: 401 - {&quot;detail&quot;:&quot;Usuario o contraseña incorrectos&quot;}">/app/tests/test_verification_reminders.py:174: Admin login failed: 401 - {"detail":"Usuario o contraseña incorrectos"}</skipped></testcase><testcase classname="tests.test_verification_reminders.TestVerificationReminderSystem" name="test_admin_user_has_admin_role" time="0.000"><skipped type="pytest.skip" message="Admin login failed: 401 - {&quot;detail&quot;:&quot;Usuario o contraseña incorrectos&quot;}">/app/tests/test_verification_reminders.py:202: Admin login failed: 401 - {"detail":"Usuario o contraseña incorrectos"}</skipped></testcase><testcase classname="tests.test_verification_reminders.TestVerificationReminderSystem" name="test_admin_endpoints_require_authentication" time="0.067" /><testcase classname="tests.test_verification_reminders.TestReminderSchedulerLogic" name="test_reminder_process_returns_stats" time="0.074"><skipped type="pytest.skip" message="Admin login failed: 401">/app/tests/test_verification_reminders.py:251: Admin login failed: 401</skipped></testcase><testcase classname="tests.test_verification_reminders.TestVerifiedUserExclusion" name="test_verified_users_not_in_unverified_list" time="0.038"><skipped type="pytest.skip" message="Admin login failed">/app/tests/test_verification_reminders.py:302: Admin login failed</skipped></testcase></testsuite></testsuites>