<?xml version="1.0" encoding="utf-8"?><testsuites name="pytest tests"><testsuite name="pytest" errors="0" failures="0" skipped="0" tests="10" time="5.559" timestamp="2026-01-06T23:15:15.427674+00:00" hostname="agent-env-0afbbe0c-3fe9-487c-9570-b73e4351fa16"><testcase classname="tests.test_verification_reminders.TestVerificationReminderSystem" name="test_admin_login" time="0.277" /><testcase classname="tests.test_verification_reminders.TestVerificationReminderSystem" name="test_get_unverified_users_endpoint" time="0.299" /><testcase classname="tests.test_verification_reminders.TestVerificationReminderSystem" name="test_unverified_users_excludes_google_oauth" time="0.036" /><testcase classname="tests.test_verification_reminders.TestVerificationReminderSystem" name="test_run_verification_reminders_endpoint" time="1.999" /><testcase classname="tests.test_verification_reminders.TestVerificationReminderSystem" name="test_admin_endpoints_require_admin_role" time="0.331" /><testcase classname="tests.test_verification_reminders.TestVerificationReminderSystem" name="test_reminder_fields_in_user_response" time="0.035" /><testcase classname="tests.test_verification_reminders.TestVerificationReminderSystem" name="test_admin_user_has_admin_role" time="0.037" /><testcase classname="tests.test_verification_reminders.TestVerificationReminderSystem" name="test_admin_endpoints_require_authentication" time="0.075" /><testcase classname="tests.test_verification_reminders.TestReminderSchedulerLogic" name="test_reminder_process_returns_stats" time="2.101" /><testcase classname="tests.test_verification_reminders.TestVerifiedUserExclusion" name="test_verified_users_not_in_unverified_list" time="0.319" /></testsuite></testsuites>