<?xml version="1.0" encoding="utf-8"?><testsuites name="pytest tests"><testsuite name="pytest" errors="0" failures="0" skipped="0" tests="22" time="3.165" timestamp="2026-01-19T05:15:00.006760+00:00" hostname="agent-env-ca476527-12dd-4178-a094-395d81192c8e"><testcase classname="tests.test_finanzas_module.TestFinanzasAuth" name="test_login_success" time="0.279" /><testcase classname="tests.test_finanzas_module.TestFinanzasSummary" name="test_get_summary_current_month" time="0.307" /><testcase classname="tests.test_finanzas_module.TestFinanzasSummary" name="test_get_summary_specific_period" time="0.041" /><testcase classname="tests.test_finanzas_module.TestFinanzasCategories" name="test_get_expense_categories" time="0.301" /><testcase classname="tests.test_finanzas_module.TestFinanzasCategories" name="test_get_income_sources" time="0.037" /><testcase classname="tests.test_finanzas_module.TestFinanzasIncomes" name="test_get_incomes_list" time="0.297" /><testcase classname="tests.test_finanzas_module.TestFinanzasIncomes" name="test_create_income" time="0.043" /><testcase classname="tests.test_finanzas_module.TestFinanzasIncomes" name="test_get_income_by_id" time="0.043" /><testcase classname="tests.test_finanzas_module.TestFinanzasIncomes" name="test_update_income_status" time="0.039" /><testcase classname="tests.test_finanzas_module.TestFinanzasIncomes" name="test_delete_income" time="0.037" /><testcase classname="tests.test_finanzas_module.TestFinanzasExpenses" name="test_get_expenses_list" time="0.303" /><testcase classname="tests.test_finanzas_module.TestFinanzasExpenses" name="test_create_expense" time="0.036" /><testcase classname="tests.test_finanzas_module.TestFinanzasExpenses" name="test_update_expense_status" time="0.038" /><testcase classname="tests.test_finanzas_module.TestFinanzasExpenses" name="test_duplicate_expense" time="0.040" /><testcase classname="tests.test_finanzas_module.TestFinanzasExpenses" name="test_delete_expenses" time="0.116" /><testcase classname="tests.test_finanzas_module.TestFinanzasInvestments" name="test_get_investments_list" time="0.296" /><testcase classname="tests.test_finanzas_module.TestFinanzasInvestments" name="test_create_investment" time="0.044" /><testcase classname="tests.test_finanzas_module.TestFinanzasInvestments" name="test_update_investment" time="0.077" /><testcase classname="tests.test_finanzas_module.TestFinanzasInvestments" name="test_delete_investment" time="0.080" /><testcase classname="tests.test_finanzas_module.TestFinanzasReceivablesPayables" name="test_get_receivables" time="0.295" /><testcase classname="tests.test_finanzas_module.TestFinanzasReceivablesPayables" name="test_get_payables" time="0.033" /><testcase classname="tests.test_finanzas_module.TestFinanzasProjectSummary" name="test_get_summary_by_project" time="0.295" /></testsuite></testsuites>