<?xml version="1.0" encoding="utf-8"?><testsuites name="pytest tests"><testsuite name="pytest" errors="0" failures="1" skipped="7" tests="9" time="2.555" timestamp="2026-01-06T20:31:22.542347+00:00" hostname="agent-env-0afbbe0c-3fe9-487c-9570-b73e4351fa16"><testcase classname="tests.test_email_verification.TestEmailVerificationSystem" name="test_01_login_unverified_user" time="0.587"><failure message="AssertionError: Login failed: {&quot;detail&quot;:&quot;Usuario o contraseña incorrectos&quot;}&#10;assert 401 == 200&#10; +  where 401 = &lt;Response [401]&gt;.status_code">tests/test_email_verification.py:55: in test_01_login_unverified_user
    assert response.status_code == 200, f"Login failed: {response.text}"
E   AssertionError: Login failed: {"detail":"Usuario o contraseña incorrectos"}
E   assert 401 == 200
E    +  where 401 = &lt;Response [401]&gt;.status_code</failure></testcase><testcase classname="tests.test_email_verification.TestEmailVerificationSystem" name="test_02_auth_me_returns_email_verified_status" time="0.264"><skipped type="pytest.skip" message="No auth token available">/app/tests/test_email_verification.py:64: No auth token available</skipped></testcase><testcase classname="tests.test_email_verification.TestEmailVerificationSystem" name="test_03_verification_status_endpoint" time="0.265"><skipped type="pytest.skip" message="No auth token available">/app/tests/test_email_verification.py:85: No auth token available</skipped></testcase><testcase classname="tests.test_email_verification.TestEmailVerificationSystem" name="test_04_resend_verification_success" time="0.268"><skipped type="pytest.skip" message="No auth token available">/app/tests/test_email_verification.py:101: No auth token available</skipped></testcase><testcase classname="tests.test_email_verification.TestEmailVerificationSystem" name="test_05_resend_verification_rate_limit" time="0.265"><skipped type="pytest.skip" message="No auth token available">/app/tests/test_email_verification.py:124: No auth token available</skipped></testcase><testcase classname="tests.test_email_verification.TestEmailVerificationSystem" name="test_06_update_email_success" time="0.303"><skipped type="pytest.skip" message="No auth token available">/app/tests/test_email_verification.py:149: No auth token available</skipped></testcase><testcase classname="tests.test_email_verification.TestEmailVerificationSystem" name="test_07_update_email_invalid_format" time="0.258"><skipped type="pytest.skip" message="No auth token available">/app/tests/test_email_verification.py:177: No auth token available</skipped></testcase><testcase classname="tests.test_email_verification.TestEmailVerificationSystem" name="test_08_resend_verification_nonexistent_email" time="0.264"><skipped type="pytest.skip" message="No auth token available">/app/tests/test_email_verification.py:189: No auth token available</skipped></testcase><testcase classname="tests.test_email_verification.TestGoogleOAuthVerification" name="test_google_oauth_always_verified" time="0.000" /></testsuite></testsuites>