<?xml version="1.0" encoding="utf-8"?><testsuites name="pytest tests"><testsuite name="pytest" errors="0" failures="1" skipped="0" tests="20" time="3.873" timestamp="2026-01-03T15:57:41.785917+00:00" hostname="agent-env-e21fb533-8a6b-4e60-83b7-aa5e7f7cf464"><testcase classname="tests.test_boards_api.TestAuthentication" name="test_login_success" time="0.295" /><testcase classname="tests.test_boards_api.TestAuthentication" name="test_login_invalid_credentials" time="0.039" /><testcase classname="tests.test_boards_api.TestBoardsCRUD" name="test_01_get_boards_empty_or_list" time="0.303" /><testcase classname="tests.test_boards_api.TestBoardsCRUD" name="test_02_create_board" time="0.080" /><testcase classname="tests.test_boards_api.TestBoardsCRUD" name="test_03_get_board_by_id" time="0.045" /><testcase classname="tests.test_boards_api.TestBoardsCRUD" name="test_04_update_board" time="0.038" /><testcase classname="tests.test_boards_api.TestBoardsCRUD" name="test_05_get_board_not_found" time="0.037" /><testcase classname="tests.test_boards_api.TestListsCRUD" name="test_01_create_list" time="0.342" /><testcase classname="tests.test_boards_api.TestListsCRUD" name="test_02_create_multiple_lists" time="0.124" /><testcase classname="tests.test_boards_api.TestListsCRUD" name="test_03_update_list_title" time="0.037" /><testcase classname="tests.test_boards_api.TestListsCRUD" name="test_04_delete_list" time="0.114" /><testcase classname="tests.test_boards_api.TestCardsCRUD" name="test_01_create_card" time="0.433" /><testcase classname="tests.test_boards_api.TestCardsCRUD" name="test_02_create_multiple_cards" time="0.116" /><testcase classname="tests.test_boards_api.TestCardsCRUD" name="test_03_update_card_title" time="0.079" /><testcase classname="tests.test_boards_api.TestCardsCRUD" name="test_04_add_labels_to_card" time="0.079" /><testcase classname="tests.test_boards_api.TestCardsCRUD" name="test_05_delete_card" time="0.118" /><testcase classname="tests.test_boards_api.TestDragAndDrop" name="test_01_move_card_between_lists" time="0.602" /><testcase classname="tests.test_boards_api.TestDragAndDrop" name="test_02_reorder_lists" time="0.077"><failure message="AssertionError: Failed to reorder lists: {&quot;detail&quot;:&quot;No hay campos para actualizar&quot;}&#10;assert 400 == 200&#10; +  where 400 = &lt;Response [400]&gt;.status_code">tests/test_boards_api.py:475: in test_02_reorder_lists
    assert response.status_code == 200, f"Failed to reorder lists: {response.text}"
E   AssertionError: Failed to reorder lists: {"detail":"No hay campos para actualizar"}
E   assert 400 == 200
E    +  where 400 = &lt;Response [400]&gt;.status_code</failure></testcase><testcase classname="tests.test_boards_api.TestBoardDeletion" name="test_delete_board" time="0.380" /><testcase classname="tests.test_boards_api.TestCleanup" name="test_cleanup_test_boards" time="0.374" /></testsuite></testsuites>