<?xml version="1.0" encoding="utf-8"?><testsuites name="pytest tests"><testsuite name="pytest" errors="0" failures="0" skipped="0" tests="11" time="2.480" timestamp="2026-01-04T11:10:39.866441+00:00" hostname="agent-env-9ce8e98f-a3f4-4f7d-b022-0824722b4f77"><testcase classname="tests.test_boards_inline_edit.TestBoardsAuth" name="test_login_success" time="0.296" /><testcase classname="tests.test_boards_inline_edit.TestBoardsCRUD" name="test_get_boards_list" time="0.300" /><testcase classname="tests.test_boards_inline_edit.TestBoardsCRUD" name="test_create_board" time="0.039" /><testcase classname="tests.test_boards_inline_edit.TestBoardsInlineEdit" name="test_rename_board_success" time="0.344" /><testcase classname="tests.test_boards_inline_edit.TestBoardsInlineEdit" name="test_rename_board_empty_title" time="0.041" /><testcase classname="tests.test_boards_inline_edit.TestBoardsInlineEdit" name="test_rename_board_long_title" time="0.081" /><testcase classname="tests.test_boards_inline_edit.TestBoardsInlineEdit" name="test_rename_nonexistent_board" time="0.078" /><testcase classname="tests.test_boards_inline_edit.TestBoardsDuplicate" name="test_duplicate_board_success" time="0.384" /><testcase classname="tests.test_boards_inline_edit.TestBoardsDuplicate" name="test_duplicate_nonexistent_board" time="0.093" /><testcase classname="tests.test_boards_inline_edit.TestBoardsDelete" name="test_delete_board_soft_delete" time="0.372" /><testcase classname="tests.test_boards_inline_edit.TestCleanup" name="test_cleanup_test_boards" time="0.386" /></testsuite></testsuites>