<?xml version="1.0" encoding="utf-8"?><testsuites name="pytest tests"><testsuite name="pytest" errors="0" failures="0" skipped="0" tests="14" time="4.332" timestamp="2026-01-15T05:04:47.542869+00:00" hostname="agent-env-46da7d2f-7454-4103-91b4-42d2bee35a70"><testcase classname="tests.test_project_name_conflict.TestProjectNameConflict" name="test_create_project_success_unique_name" time="0.348" /><testcase classname="tests.test_project_name_conflict.TestProjectNameConflict" name="test_create_project_duplicate_name_returns_409" time="0.369" /><testcase classname="tests.test_project_name_conflict.TestProjectNameConflict" name="test_duplicate_name_response_structure" time="0.335" /><testcase classname="tests.test_project_name_conflict.TestPlanLimitEnforcement" name="test_admin_has_unlimited_plan" time="0.313" /><testcase classname="tests.test_project_name_conflict.TestPlanLimitEnforcement" name="test_unlimited_plan_never_returns_403_for_limit" time="0.547" /><testcase classname="tests.test_project_name_conflict.TestPlanLimitEnforcement" name="test_plan_limits_endpoint_returns_correct_structure" time="0.314" /><testcase classname="tests.test_project_name_conflict.TestNameConflictVsPlanLimit" name="test_409_is_not_403" time="0.338" /><testcase classname="tests.test_project_name_conflict.TestNameConflictVsPlanLimit" name="test_error_messages_are_distinct" time="0.327" /><testcase classname="tests.test_project_name_conflict.TestProjectCRUDBasics" name="test_get_projects_list" time="0.270" /><testcase classname="tests.test_project_name_conflict.TestProjectCRUDBasics" name="test_create_and_get_project" time="0.325" /><testcase classname="tests.test_project_name_conflict.TestProjectCRUDBasics" name="test_update_project" time="0.350" /><testcase classname="tests.test_project_name_conflict.TestProjectCRUDBasics" name="test_delete_project" time="0.336" /><testcase classname="tests.test_project_name_conflict.TestAuthenticationRequired" name="test_create_project_without_auth_fails" time="0.047" /><testcase classname="tests.test_project_name_conflict.TestAuthenticationRequired" name="test_get_projects_without_auth_fails" time="0.037" /></testsuite></testsuites>