<?xml version="1.0" encoding="utf-8"?><testsuites name="pytest tests"><testsuite name="pytest" errors="0" failures="0" skipped="0" tests="11" time="1.661" timestamp="2026-01-04T20:30:30.409154+00:00" hostname="agent-env-3746e87c-412f-403b-a3cd-e079d3390998"><testcase classname="tests.test_priority_feature.TestPriorityBackendAPI" name="test_get_board_with_existing_priorities" time="0.333" /><testcase classname="tests.test_priority_feature.TestPriorityBackendAPI" name="test_set_priority_low" time="0.124" /><testcase classname="tests.test_priority_feature.TestPriorityBackendAPI" name="test_set_priority_medium" time="0.115" /><testcase classname="tests.test_priority_feature.TestPriorityBackendAPI" name="test_set_priority_high" time="0.121" /><testcase classname="tests.test_priority_feature.TestPriorityBackendAPI" name="test_set_priority_urgent" time="0.114" /><testcase classname="tests.test_priority_feature.TestPriorityBackendAPI" name="test_clear_priority" time="0.158" /><testcase classname="tests.test_priority_feature.TestPriorityBackendAPI" name="test_priority_persists_with_other_fields" time="0.150" /><testcase classname="tests.test_priority_feature.TestPriorityBackendAPI" name="test_invalid_board_returns_404" time="0.035" /><testcase classname="tests.test_priority_feature.TestPriorityBackendAPI" name="test_invalid_card_returns_404" time="0.037" /><testcase classname="tests.test_priority_feature.TestPriorityDataIntegrity" name="test_priority_values_are_valid" time="0.180" /><testcase classname="tests.test_priority_feature.TestPriorityDataIntegrity" name="test_restore_original_priorities" time="0.191" /></testsuite></testsuites>