<?xml version="1.0" encoding="utf-8"?><testsuites name="pytest tests"><testsuite name="pytest" errors="0" failures="0" skipped="0" tests="15" time="4.860" timestamp="2026-01-10T03:01:05.054232+00:00" hostname="agent-env-9bc3b4a5-33fb-43bc-9974-d188cbd6447c"><testcase classname="tests.test_activity_feed.TestActivityFeedAPI" name="test_01_get_activity_feed" time="0.299" /><testcase classname="tests.test_activity_feed.TestActivityFeedAPI" name="test_02_get_activity_feed_with_limit" time="0.288" /><testcase classname="tests.test_activity_feed.TestActivityFeedAPI" name="test_03_get_activity_feed_with_offset" time="0.275" /><testcase classname="tests.test_activity_feed.TestActivityFeedAPI" name="test_04_get_activity_feed_include_own" time="0.275" /><testcase classname="tests.test_activity_feed.TestActivityFeedAPI" name="test_05_get_unread_count" time="0.272" /><testcase classname="tests.test_activity_feed.TestActivityFeedAPI" name="test_06_mark_activities_as_read_all" time="0.316" /><testcase classname="tests.test_activity_feed.TestActivityFeedAPI" name="test_07_mark_specific_activities_as_read" time="0.343" /><testcase classname="tests.test_activity_feed.TestActivityFeedAPI" name="test_08_activity_feed_unauthorized" time="0.305" /><testcase classname="tests.test_activity_feed.TestNotificationPreferencesAPI" name="test_01_get_notification_preferences" time="0.267" /><testcase classname="tests.test_activity_feed.TestNotificationPreferencesAPI" name="test_02_update_email_enabled" time="0.383" /><testcase classname="tests.test_activity_feed.TestNotificationPreferencesAPI" name="test_03_update_email_digest" time="0.368" /><testcase classname="tests.test_activity_feed.TestNotificationPreferencesAPI" name="test_04_update_notify_on_options" time="0.415" /><testcase classname="tests.test_activity_feed.TestNotificationPreferencesAPI" name="test_05_update_multiple_preferences" time="0.316" /><testcase classname="tests.test_activity_feed.TestNotificationPreferencesAPI" name="test_06_notification_preferences_unauthorized" time="0.338" /><testcase classname="tests.test_activity_feed.TestNotificationPreferencesAPI" name="test_07_verify_preferences_persistence" time="0.321" /></testsuite></testsuites>