<?xml version="1.0" encoding="utf-8"?><testsuites name="pytest tests"><testsuite name="pytest" errors="0" failures="2" skipped="0" tests="17" time="5.561" timestamp="2026-01-09T23:29:20.653856+00:00" hostname="agent-env-9bc3b4a5-33fb-43bc-9974-d188cbd6447c"><testcase classname="tests.test_sharing_system.TestSharingSystem" name="test_get_workspaces" time="0.307" /><testcase classname="tests.test_sharing_system.TestSharingSystem" name="test_get_board_collaborators" time="0.279" /><testcase classname="tests.test_sharing_system.TestSharingSystem" name="test_get_mindmap_collaborators" time="0.279"><failure message="KeyError: 'project_id'">tests/test_sharing_system.py:117: in test_get_mindmap_collaborators
    project_id = projects[0]["project_id"]
                 ^^^^^^^^^^^^^^^^^^^^^^^^^
E   KeyError: 'project_id'</failure></testcase><testcase classname="tests.test_sharing_system.TestSharingSystem" name="test_get_collaborators_invalid_resource_type" time="0.269" /><testcase classname="tests.test_sharing_system.TestSharingSystem" name="test_create_invite_for_board" time="0.318" /><testcase classname="tests.test_sharing_system.TestSharingSystem" name="test_create_invite_for_mindmap" time="0.382"><failure message="KeyError: 'project_id'">tests/test_sharing_system.py:195: in test_create_invite_for_mindmap
    project_id = projects[0]["project_id"]
                 ^^^^^^^^^^^^^^^^^^^^^^^^^
E   KeyError: 'project_id'</failure></testcase><testcase classname="tests.test_sharing_system.TestSharingSystem" name="test_create_invite_invalid_role" time="0.276" /><testcase classname="tests.test_sharing_system.TestSharingSystem" name="test_cancel_invite" time="0.474" /><testcase classname="tests.test_sharing_system.TestSharingSystem" name="test_cancel_nonexistent_invite" time="0.266" /><testcase classname="tests.test_sharing_system.TestSharingSystem" name="test_create_share_link_for_board" time="0.279" /><testcase classname="tests.test_sharing_system.TestSharingSystem" name="test_toggle_share_link" time="0.337" /><testcase classname="tests.test_sharing_system.TestSharingSystem" name="test_access_shared_resource_public" time="0.356" /><testcase classname="tests.test_sharing_system.TestSharingSystem" name="test_access_invalid_share_token" time="0.290" /><testcase classname="tests.test_sharing_system.TestSharingSystem" name="test_get_pending_invites" time="0.265" /><testcase classname="tests.test_sharing_system.TestSharingSystem" name="test_get_shared_with_me" time="0.267" /><testcase classname="tests.test_sharing_system.TestSharingEdgeCases" name="test_cannot_invite_self" time="0.331" /><testcase classname="tests.test_sharing_system.TestSharingEdgeCases" name="test_duplicate_invite_handling" time="0.478" /></testsuite></testsuites>