<?xml version="1.0" encoding="utf-8"?><testsuites name="pytest tests"><testsuite name="pytest" errors="0" failures="0" skipped="0" tests="9" time="1.432" timestamp="2026-01-04T11:52:51.596282+00:00" hostname="agent-env-9ce8e98f-a3f4-4f7d-b022-0824722b4f77"><testcase classname="tests.test_due_date_feature.TestDueDateSetting" name="test_01_set_due_date" time="0.496" /><testcase classname="tests.test_due_date_feature.TestDueDateSetting" name="test_02_set_due_date_with_activity" time="0.080" /><testcase classname="tests.test_due_date_feature.TestDueDateSetting" name="test_03_change_due_date" time="0.124" /><testcase classname="tests.test_due_date_feature.TestDueDateSetting" name="test_04_clear_due_date" time="0.126" /><testcase classname="tests.test_due_date_feature.TestDueDatePersistence" name="test_01_due_date_persists_after_reload" time="0.159" /><testcase classname="tests.test_due_date_feature.TestDueDateWithOtherFields" name="test_01_due_date_with_checklist" time="0.073" /><testcase classname="tests.test_due_date_feature.TestDueDateWithOtherFields" name="test_02_due_date_with_priority" time="0.076" /><testcase classname="tests.test_due_date_feature.TestDueDateWithOtherFields" name="test_03_due_date_with_labels" time="0.078" /><testcase classname="tests.test_due_date_feature.TestCleanup" name="test_cleanup_test_boards" time="0.155" /></testsuite></testsuites>