<?xml version="1.0" encoding="utf-8"?><testsuites name="pytest tests"><testsuite name="pytest" errors="0" failures="0" skipped="1" tests="31" time="12.409" timestamp="2026-01-14T23:07:53.560944+00:00" hostname="agent-env-1ec4b5de-9c22-43c9-933c-4306fbb6facf"><testcase classname="tests.test_admin_analytics.TestAdminAnalytics" name="test_analytics_endpoint_returns_200" time="2.038" /><testcase classname="tests.test_admin_analytics.TestAdminAnalytics" name="test_analytics_unauthorized_without_token" time="0.553" /><testcase classname="tests.test_admin_analytics.TestAdminAnalytics" name="test_analytics_forbidden_for_non_admin" time="0.365"><skipped type="pytest.skip" message="No test user available for non-admin test">/app/tests/test_admin_analytics.py:60: No test user available for non-admin test</skipped></testcase><testcase classname="tests.test_admin_analytics.TestAdminAnalytics" name="test_analytics_contains_total_users" time="0.342" /><testcase classname="tests.test_admin_analytics.TestAdminAnalytics" name="test_analytics_contains_total_projects" time="0.329" /><testcase classname="tests.test_admin_analytics.TestAdminAnalytics" name="test_analytics_contains_total_contacts" time="0.324" /><testcase classname="tests.test_admin_analytics.TestAdminAnalytics" name="test_analytics_contains_total_boards" time="0.310" /><testcase classname="tests.test_admin_analytics.TestAdminAnalytics" name="test_analytics_contains_users_today" time="0.307" /><testcase classname="tests.test_admin_analytics.TestAdminAnalytics" name="test_analytics_contains_users_this_week" time="0.320" /><testcase classname="tests.test_admin_analytics.TestAdminAnalytics" name="test_analytics_contains_users_this_month" time="0.312" /><testcase classname="tests.test_admin_analytics.TestAdminAnalytics" name="test_analytics_contains_growth_rate_weekly" time="0.334" /><testcase classname="tests.test_admin_analytics.TestAdminAnalytics" name="test_analytics_contains_growth_rate_monthly" time="0.306" /><testcase classname="tests.test_admin_analytics.TestAdminAnalytics" name="test_analytics_contains_user_growth_array" time="0.624" /><testcase classname="tests.test_admin_analytics.TestAdminAnalytics" name="test_user_growth_has_31_data_points" time="0.311" /><testcase classname="tests.test_admin_analytics.TestAdminAnalytics" name="test_user_growth_point_structure" time="0.308" /><testcase classname="tests.test_admin_analytics.TestAdminAnalytics" name="test_analytics_contains_plan_distribution" time="0.328" /><testcase classname="tests.test_admin_analytics.TestAdminAnalytics" name="test_plan_distribution_structure" time="0.325" /><testcase classname="tests.test_admin_analytics.TestAdminAnalytics" name="test_plan_distribution_percentages_sum_to_100" time="0.310" /><testcase classname="tests.test_admin_analytics.TestAdminAnalytics" name="test_analytics_contains_activity_metrics" time="0.330" /><testcase classname="tests.test_admin_analytics.TestAdminAnalytics" name="test_activity_metrics_has_14_data_points" time="0.312" /><testcase classname="tests.test_admin_analytics.TestAdminAnalytics" name="test_activity_metrics_structure" time="0.311" /><testcase classname="tests.test_admin_analytics.TestAdminAnalytics" name="test_analytics_contains_retention_data" time="0.384" /><testcase classname="tests.test_admin_analytics.TestAdminAnalytics" name="test_retention_data_has_4_cohorts" time="0.325" /><testcase classname="tests.test_admin_analytics.TestAdminAnalytics" name="test_retention_data_structure" time="0.323" /><testcase classname="tests.test_admin_analytics.TestAdminAnalytics" name="test_analytics_contains_active_users_24h" time="0.334" /><testcase classname="tests.test_admin_analytics.TestAdminAnalytics" name="test_analytics_contains_conversion_rate" time="0.328" /><testcase classname="tests.test_admin_analytics.TestAdminAnalytics" name="test_analytics_contains_avg_projects_per_user" time="0.312" /><testcase classname="tests.test_admin_analytics.TestAdminAnalytics" name="test_users_today_less_than_or_equal_total" time="0.322" /><testcase classname="tests.test_admin_analytics.TestAdminAnalytics" name="test_users_this_week_less_than_or_equal_total" time="0.314" /><testcase classname="tests.test_admin_analytics.TestAdminAnalytics" name="test_users_this_month_less_than_or_equal_total" time="0.355" /><testcase classname="tests.test_admin_analytics.TestAdminAnalytics" name="test_active_users_24h_less_than_or_equal_total" time="0.321" /></testsuite></testsuites>