<?xml version="1.0" encoding="utf-8"?><testsuites name="pytest tests"><testsuite name="pytest" errors="0" failures="0" skipped="0" tests="23" time="1.873" timestamp="2026-01-05T02:36:51.839773+00:00" hostname="agent-env-2aad1b7c-598f-417f-950f-ce3ef1a8cc35"><testcase classname="tests.test_contacts_module.TestContactsModule" name="test_get_contacts_empty_or_list" time="0.334" /><testcase classname="tests.test_contacts_module.TestContactsModule" name="test_get_contacts_by_type_client" time="0.041" /><testcase classname="tests.test_contacts_module.TestContactsModule" name="test_get_contacts_by_type_prospect" time="0.042" /><testcase classname="tests.test_contacts_module.TestContactsModule" name="test_get_contacts_by_type_supplier" time="0.037" /><testcase classname="tests.test_contacts_module.TestContactsModule" name="test_create_client_contact" time="0.041" /><testcase classname="tests.test_contacts_module.TestContactsModule" name="test_create_prospect_contact" time="0.077" /><testcase classname="tests.test_contacts_module.TestContactsModule" name="test_create_supplier_contact" time="0.040" /><testcase classname="tests.test_contacts_module.TestContactsModule" name="test_create_contact_validation_required_fields" time="0.035" /><testcase classname="tests.test_contacts_module.TestContactsModule" name="test_get_contact_by_id" time="0.037" /><testcase classname="tests.test_contacts_module.TestContactsModule" name="test_get_contact_not_found" time="0.040" /><testcase classname="tests.test_contacts_module.TestContactsModule" name="test_update_contact" time="0.040" /><testcase classname="tests.test_contacts_module.TestContactsModule" name="test_update_contact_with_custom_fields" time="0.041" /><testcase classname="tests.test_contacts_module.TestContactsModule" name="test_contacts_sorted_by_date" time="0.037" /><testcase classname="tests.test_contacts_module.TestContactsModule" name="test_get_custom_fields_empty" time="0.037" /><testcase classname="tests.test_contacts_module.TestContactsModule" name="test_create_custom_field_text" time="0.056" /><testcase classname="tests.test_contacts_module.TestContactsModule" name="test_create_custom_field_select" time="0.037" /><testcase classname="tests.test_contacts_module.TestContactsModule" name="test_create_custom_field_multiselect" time="0.078" /><testcase classname="tests.test_contacts_module.TestContactsModule" name="test_get_custom_fields_after_creation" time="0.081" /><testcase classname="tests.test_contacts_module.TestContactsModule" name="test_custom_fields_appear_in_contact_form" time="0.075" /><testcase classname="tests.test_contacts_module.TestContactsModule" name="test_delete_custom_field" time="0.041" /><testcase classname="tests.test_contacts_module.TestContactsModule" name="test_delete_contact" time="0.159" /><testcase classname="tests.test_contacts_module.TestContactsModule" name="test_delete_contact_not_found" time="0.035" /><testcase classname="tests.test_contacts_module.TestContactsModule" name="test_cleanup_test_data" time="0.346" /></testsuite></testsuites>