<?xml version="1.0" encoding="utf-8"?><testsuites name="pytest tests"><testsuite name="pytest" errors="0" failures="0" skipped="0" tests="13" time="5.182" timestamp="2026-01-15T13:14:34.222867+00:00" hostname="agent-env-46da7d2f-7454-4103-91b4-42d2bee35a70"><testcase classname="tests.test_duplicate_project.TestDuplicateProjectFeature" name="test_01_create_source_project_for_duplication" time="0.344" /><testcase classname="tests.test_duplicate_project.TestDuplicateProjectFeature" name="test_02_duplicate_project_first_copy" time="0.402" /><testcase classname="tests.test_duplicate_project.TestDuplicateProjectFeature" name="test_03_duplicate_project_second_copy" time="0.373" /><testcase classname="tests.test_duplicate_project.TestDuplicateProjectFeature" name="test_04_verify_new_node_ids" time="0.386" /><testcase classname="tests.test_duplicate_project.TestDuplicateProjectFeature" name="test_05_verify_parent_id_mapping" time="0.336" /><testcase classname="tests.test_duplicate_project.TestDuplicateProjectFeature" name="test_06_duplicate_name_conflict_returns_409" time="0.334" /><testcase classname="tests.test_duplicate_project.TestDuplicateProjectFeature" name="test_07_layout_type_preserved" time="0.381" /><testcase classname="tests.test_duplicate_project.TestDuplicateProjectFeature" name="test_08_node_properties_copied" time="0.420" /><testcase classname="tests.test_duplicate_project.TestDuplicateProjectFeature" name="test_09_admin_can_duplicate_unlimited" time="0.367" /><testcase classname="tests.test_duplicate_project.TestDuplicateProjectFeature" name="test_10_duplicate_is_independent" time="0.405" /><testcase classname="tests.test_duplicate_project.TestDuplicateNamePattern" name="test_name_pattern_sequence" time="0.482" /><testcase classname="tests.test_duplicate_project.TestDuplicateNamePattern" name="test_name_with_special_characters" time="0.422" /><testcase classname="tests.test_duplicate_project.TestDuplicateNamePattern" name="test_name_case_sensitivity" time="0.393" /></testsuite></testsuites>