<?xml version="1.0" encoding="utf-8"?><testsuites name="pytest tests"><testsuite name="pytest" errors="0" failures="0" skipped="0" tests="13" time="4.660" timestamp="2026-01-14T21:34:12.887223+00:00" hostname="agent-env-1ec4b5de-9c22-43c9-933c-4306fbb6facf"><testcase classname="tests.test_admin_plan_management.TestAdminPlanManagement" name="test_admin_login_success" time="0.642" /><testcase classname="tests.test_admin_plan_management.TestAdminPlanManagement" name="test_get_admin_users_list" time="0.288" /><testcase classname="tests.test_admin_plan_management.TestAdminPlanManagement" name="test_change_plan_to_pro" time="0.329" /><testcase classname="tests.test_admin_plan_management.TestAdminPlanManagement" name="test_change_plan_with_expiration" time="0.285" /><testcase classname="tests.test_admin_plan_management.TestAdminPlanManagement" name="test_change_plan_with_unlimited_access" time="0.289" /><testcase classname="tests.test_admin_plan_management.TestAdminPlanManagement" name="test_change_plan_to_admin" time="0.328" /><testcase classname="tests.test_admin_plan_management.TestAdminPlanManagement" name="test_change_plan_to_free" time="0.329" /><testcase classname="tests.test_admin_plan_management.TestAdminPlanManagement" name="test_change_plan_invalid_plan" time="0.495" /><testcase classname="tests.test_admin_plan_management.TestAdminPlanManagement" name="test_change_plan_nonexistent_user" time="0.327" /><testcase classname="tests.test_admin_plan_management.TestAdminPlanManagement" name="test_audit_log_created" time="0.332" /><testcase classname="tests.test_admin_plan_management.TestAdminPlanManagement" name="test_audit_log_filter_by_type" time="0.282" /><testcase classname="tests.test_admin_plan_management.TestAdminPlanManagement" name="test_unauthorized_access_without_token" time="0.309" /><testcase classname="tests.test_admin_plan_management.TestAdminPlanManagement" name="test_verify_user_plan_updated_in_database" time="0.355" /></testsuite></testsuites>