<?xml version="1.0" encoding="utf-8"?><testsuites name="pytest tests"><testsuite name="pytest" errors="0" failures="0" skipped="0" tests="7" time="2.795" timestamp="2026-01-19T13:24:43.436796+00:00" hostname="agent-env-eead4992-612b-46ea-b2e6-291955f994f7"><testcase classname="tests.test_company_delete_and_health.TestHealthStatusBugFix" name="test_health_status_good_for_new_company" time="0.415" /><testcase classname="tests.test_company_delete_and_health.TestCompanyDeletion" name="test_delete_company_requires_confirmation" time="0.368" /><testcase classname="tests.test_company_delete_and_health.TestCompanyDeletion" name="test_delete_company_wrong_confirmation_fails" time="0.402" /><testcase classname="tests.test_company_delete_and_health.TestCompanyDeletion" name="test_delete_company_with_eliminar_keyword" time="0.426" /><testcase classname="tests.test_company_delete_and_health.TestCompanyDeletion" name="test_delete_company_with_exact_name" time="0.376" /><testcase classname="tests.test_company_delete_and_health.TestCompanyDeletion" name="test_delete_company_cascades_financial_data" time="0.451" /><testcase classname="tests.test_company_delete_and_health.TestCompanyDeletion" name="test_delete_nonexistent_company_returns_404" time="0.293" /></testsuite></testsuites>